c:\users\ray donelick\documents\ravi\scopecontrollib\scopecontrollib\debug\scopecontrollib.pch
c:\users\ray donelick\documents\ravi\scopecontrollib\scopecontrollib\debug\vc120.pdb
c:\users\ray donelick\documents\ravi\scopecontrollib\scopecontrollib\debug\stdafx.obj
c:\users\ray donelick\documents\ravi\scopecontrollib\scopecontrollib\debug\virtual_stage.obj
c:\users\ray donelick\documents\ravi\scopecontrollib\scopecontrollib\debug\scopecontrollib.obj
c:\users\ray donelick\documents\ravi\scopecontrollib\scopecontrollib\debug\scopecontrol.obj
c:\users\ray donelick\documents\ravi\scopecontrollib\scopecontrollib\debug\camera.obj
c:\users\ray donelick\documents\ravi\scopecontrollib\scopecontrollib\debug\dllmain.obj
c:\users\ray donelick\documents\ravi\scopecontrollib\scopecontrollib\debug\.netframework,version=v4.0.assemblyattributes.obj
c:\users\ray donelick\documents\ravi\scopecontrollib\debug\scopecontrollib.dll
c:\users\ray donelick\documents\ravi\scopecontrollib\debug\scopecontrollib.pdb
c:\users\ray donelick\documents\ravi\scopecontrollib\debug\scopecontrollib.lib
c:\users\ray donelick\documents\ravi\scopecontrollib\debug\scopecontrollib.exp
c:\users\ray donelick\documents\ravi\scopecontrollib\scopecontrollib\debug\scopecontrollib.tlog\cl.command.1.tlog
c:\users\ray donelick\documents\ravi\scopecontrollib\scopecontrollib\debug\scopecontrollib.tlog\cl.read.1.tlog
c:\users\ray donelick\documents\ravi\scopecontrollib\scopecontrollib\debug\scopecontrollib.tlog\cl.write.1.tlog
c:\users\ray donelick\documents\ravi\scopecontrollib\scopecontrollib\debug\scopecontrollib.tlog\link.command.1.tlog
c:\users\ray donelick\documents\ravi\scopecontrollib\scopecontrollib\debug\scopecontrollib.tlog\link.read.1.tlog
c:\users\ray donelick\documents\ravi\scopecontrollib\scopecontrollib\debug\scopecontrollib.tlog\link.write.1.tlog
c:\users\ray donelick\documents\ravi\scopecontrollib\scopecontrollib\debug\scopecontrollib.tlog\metagen.read.1.tlog
c:\users\ray donelick\documents\ravi\scopecontrollib\scopecontrollib\debug\scopecontrollib.tlog\metagen.write.1.tlog
c:\users\ray donelick\documents\ravi\scopecontrollib\scopecontrollib\debug\scopecontrollib.tlog\scopecontrollib.write.1u.tlog
c:\users\ray donelick\documents\ravi\scopecontrollib\scopecontrollib\debug\scopecontrollib.tlog\tzres.dll.bi
