c:\users\ray donelick\documents\ravi\mountfinder\mountfinder\debug\mountfinder.pch
c:\users\ray donelick\documents\ravi\mountfinder\mountfinder\debug\vc120.pdb
c:\users\ray donelick\documents\ravi\mountfinder\mountfinder\debug\stdafx.obj
c:\users\ray donelick\documents\ravi\mountfinder\mountfinder\debug\.netframework,version=v4.0.assemblyattributes.obj
c:\users\ray donelick\documents\ravi\mountfinder\mountfinder\debug\mountfinder.obj
c:\users\ray donelick\documents\ravi\mountfinder\debug\mountfinder.exe
c:\users\ray donelick\documents\ravi\mountfinder\debug\mountfinder.pdb
c:\users\ray donelick\documents\ravi\a2z-scope-control\scopecontrol\mountfinder\mountfinder\debug\mountfinder.vcxprojresolveassemblyreference.cache
c:\users\ray donelick\documents\ravi\a2z-scope-control\scopecontrol\mountfinder\mountfinder\debug\.netframework,version=v4.0.assemblyattributes.obj
c:\users\ray donelick\documents\ravi\a2z-scope-control\scopecontrol\mountfinder\mountfinder\debug\mountfinder.obj
c:\users\ray donelick\documents\ravi\a2z-scope-control\scopecontrol\mountfinder\mountfinder\debug\stdafx.obj
c:\users\ray donelick\documents\ravi\a2z-scope-control\scopecontrol\mountfinder\mountfinder\debug\mountfinder.pch
c:\users\ray donelick\documents\ravi\a2z-scope-control\scopecontrol\mountfinder\mountfinder\debug\vc120.idb
c:\users\ray donelick\documents\ravi\a2z-scope-control\scopecontrol\mountfinder\mountfinder\debug\vc120.pdb
c:\users\ray donelick\documents\ravi\a2z-scope-control\scopecontrol\mountfinder\mountfinder\debug\mountfinder.tlog\cl.command.1.tlog
c:\users\ray donelick\documents\ravi\a2z-scope-control\scopecontrol\mountfinder\mountfinder\debug\mountfinder.tlog\cl.read.1.tlog
c:\users\ray donelick\documents\ravi\a2z-scope-control\scopecontrol\mountfinder\mountfinder\debug\mountfinder.tlog\cl.write.1.tlog
c:\users\ray donelick\documents\ravi\a2z-scope-control\scopecontrol\mountfinder\mountfinder\debug\mountfinder.tlog\link.command.1.tlog
c:\users\ray donelick\documents\ravi\a2z-scope-control\scopecontrol\mountfinder\mountfinder\debug\mountfinder.tlog\link.read.1.tlog
c:\users\ray donelick\documents\ravi\a2z-scope-control\scopecontrol\mountfinder\mountfinder\debug\mountfinder.tlog\link.write.1.tlog
c:\users\ray donelick\documents\ravi\a2z-scope-control\scopecontrol\mountfinder\mountfinder\debug\mountfinder.tlog\metagen.read.1.tlog
c:\users\ray donelick\documents\ravi\a2z-scope-control\scopecontrol\mountfinder\mountfinder\debug\mountfinder.tlog\metagen.write.1.tlog
c:\users\ray donelick\documents\ravi\a2z-scope-control\scopecontrol\mountfinder\mountfinder\debug\mountfinder.tlog\tzres.dll.bi
